<?xml version="1.0" encoding="UTF-8"?>
<testsuites>
  <testsuite name="ExampleTest" file="D:\httpd\WWW\todo\test.php" tests="6" assertions="3" errors="3" failures="0" skipped="0" time="0.099000">
    <testcase name="testSelect" class="ExampleTest" classname="ExampleTest" file="D:\httpd\WWW\todo\test.php" line="16" assertions="0" time="0.007000">
      <error type="Error">ExampleTest::testSelect
Error: Cannot access  property ExampleTest::$result

D:\httpd\WWW\todo\test.php:18
D:\httpd\WWW\todo\vendor\phpunit\phpunit\src\Framework\TestCase.php:1154
D:\httpd\WWW\todo\vendor\phpunit\phpunit\src\Framework\TestCase.php:842
D:\httpd\WWW\todo\vendor\phpunit\phpunit\src\Framework\TestResult.php:693
D:\httpd\WWW\todo\vendor\phpunit\phpunit\src\Framework\TestCase.php:796
D:\httpd\WWW\todo\vendor\phpunit\phpunit\src\Framework\TestSuite.php:746
D:\httpd\WWW\todo\vendor\phpunit\phpunit\src\TextUI\TestRunner.php:652
C:\Users\Administrator\AppData\Roaming\Composer\vendor\phpunit\phpunit\src\TextUI\Command.php:206
C:\Users\Administrator\AppData\Roaming\Composer\vendor\phpunit\phpunit\src\TextUI\Command.php:162
</error>
    </testcase>
    <testcase name="testDel" class="ExampleTest" classname="ExampleTest" file="D:\httpd\WWW\todo\test.php" line="22" assertions="1" time="0.002000"/>
    <testcase name="testUpdate" class="ExampleTest" classname="ExampleTest" file="D:\httpd\WWW\todo\test.php" line="29" assertions="1" time="0.001000"/>
    <testcase name="testSave" class="ExampleTest" classname="ExampleTest" file="D:\httpd\WWW\todo\test.php" line="35" assertions="1" time="0.086000"/>
    <testcase name="testWhere" class="ExampleTest" classname="ExampleTest" file="D:\httpd\WWW\todo\test.php" line="40" assertions="0" time="0.002000">
      <error type="Error">ExampleTest::testWhere
Error: Cannot access  property ExampleTest::$result

D:\httpd\WWW\todo\test.php:42
D:\httpd\WWW\todo\vendor\phpunit\phpunit\src\Framework\TestCase.php:1154
D:\httpd\WWW\todo\vendor\phpunit\phpunit\src\Framework\TestCase.php:842
D:\httpd\WWW\todo\vendor\phpunit\phpunit\src\Framework\TestResult.php:693
D:\httpd\WWW\todo\vendor\phpunit\phpunit\src\Framework\TestCase.php:796
D:\httpd\WWW\todo\vendor\phpunit\phpunit\src\Framework\TestSuite.php:746
D:\httpd\WWW\todo\vendor\phpunit\phpunit\src\TextUI\TestRunner.php:652
C:\Users\Administrator\AppData\Roaming\Composer\vendor\phpunit\phpunit\src\TextUI\Command.php:206
C:\Users\Administrator\AppData\Roaming\Composer\vendor\phpunit\phpunit\src\TextUI\Command.php:162
</error>
    </testcase>
    <testcase name="testAll" class="ExampleTest" classname="ExampleTest" file="D:\httpd\WWW\todo\test.php" line="45" assertions="0" time="0.001000">
      <error type="Error">ExampleTest::testAll
Error: Cannot access  property ExampleTest::$result

D:\httpd\WWW\todo\test.php:47
D:\httpd\WWW\todo\vendor\phpunit\phpunit\src\Framework\TestCase.php:1154
D:\httpd\WWW\todo\vendor\phpunit\phpunit\src\Framework\TestCase.php:842
D:\httpd\WWW\todo\vendor\phpunit\phpunit\src\Framework\TestResult.php:693
D:\httpd\WWW\todo\vendor\phpunit\phpunit\src\Framework\TestCase.php:796
D:\httpd\WWW\todo\vendor\phpunit\phpunit\src\Framework\TestSuite.php:746
D:\httpd\WWW\todo\vendor\phpunit\phpunit\src\TextUI\TestRunner.php:652
C:\Users\Administrator\AppData\Roaming\Composer\vendor\phpunit\phpunit\src\TextUI\Command.php:206
C:\Users\Administrator\AppData\Roaming\Composer\vendor\phpunit\phpunit\src\TextUI\Command.php:162
</error>
    </testcase>
  </testsuite>
</testsuites>
